<?xml version="1.0" encoding="UTF-8"?>
<!-- Generated by org.testng.reporters.JUnitReportReporter -->
<testsuite hostname="DESKTOP-HCG1DBC" failures="0" tests="2" name="test_package.Home_Page_Test" time="15.753" errors="0" timestamp="2022-06-23T13:59:02 IST" skipped="0">
  <testcase classname="test_package.Home_Page_Test" name="LoginProcess" time="10.221"/>
  <system-out/>
  <testcase classname="test_package.Home_Page_Test" name="PinPageProcess" time="5.532"/>
  <system-out/>
</testsuite> <!-- test_package.Home_Page_Test -->
