<?xml version="1.0" encoding="UTF-8"?>
<!-- Generated by org.testng.reporters.JUnitReportReporter -->
<testsuite hostname="DESKTOP-HCG1DBC" failures="0" tests="3" name="test_package.Login_Page_Test" time="26.696" errors="0" timestamp="2022-06-22T05:14:17 PDT" skipped="0">
  <testcase classname="test_package.Login_Page_Test" name="EnterUserValidation" time="9.198"/>
  <system-out>
    <![CDATA[Test Case Pass  EnterUserValidation ]]>
  </system-out>
  <testcase classname="test_package.Login_Page_Test" name="EnterPasswordValidation" time="5.143"/>
  <system-out>
    <![CDATA[Test Case Pass  EnterPasswordValidation ]]>
  </system-out>
  <testcase classname="test_package.Login_Page_Test" name="ClickLoginVAlidation" time="12.355"/>
  <system-out>
    <![CDATA[Test Case Pass  ClickLoginVAlidation ]]>
  </system-out>
</testsuite> <!-- test_package.Login_Page_Test -->
