<?xml version="1.0" encoding="UTF-8"?>
<!-- Generated by org.testng.reporters.JUnitReportReporter -->
<testsuite hostname="DESKTOP-HCG1DBC" failures="0" tests="3" name="test_package.Pin_Page_Test" time="22.341" errors="0" timestamp="2022-06-22T18:47:55 IST" skipped="0">
  <testcase classname="test_package.Pin_Page_Test" name="CompleteLogin" time="6.974"/>
  <system-out>
    <![CDATA[Test Case Pass  CompleteLogin ]]>
  </system-out>
  <testcase classname="test_package.Pin_Page_Test" name="ForGetTextValidation" time="2.494"/>
  <system-out>
    <![CDATA[Test Case Pass  ForGetTextValidation ]]>
  </system-out>
  <testcase classname="test_package.Pin_Page_Test" name="EnterPinText" time="12.873"/>
  <system-out>
    <![CDATA[Test Case Pass  EnterPinText ]]>
  </system-out>
</testsuite> <!-- test_package.Pin_Page_Test -->
